2019/05/18 19:08:53 &{COM1 1152000  data/}
2019/05/18 19:08:53 OK!	   MASTER init
2019/05/18 19:08:53 manageHandler proccess init
2019/05/18 19:09:11 OK!	 command wrote  Open
2019/05/18 19:09:11 OK!	 command wrote  OUT
2019/05/18 19:09:11 exiting
2019/05/18 19:10:05 &{COM1 1152000  data/}
2019/05/18 19:10:05 OK!	   MASTER init
2019/05/18 19:10:05 Entry
2019/05/18 19:10:05 manageHandler proccess init
2019/05/18 19:10:24 OK!	 command wrote  Open
2019/05/18 19:10:24 Entry
2019/05/18 19:10:24 OK!	 command wrote  OUT
2019/05/18 19:10:24 exiting
2019/05/18 19:11:00 &{COM1 1152000  data/}
2019/05/18 19:11:01 OK!	   MASTER init
2019/05/18 19:11:01 Entry
2019/05/18 19:11:01 manageHandler proccess init
2019/05/18 19:11:19 OK!	 command wrote  Open
2019/05/18 19:11:19 Entry
2019/05/18 19:11:19 OK!	 command wrote  OUT
2019/05/18 19:11:19 exiting
